<?xml version="1.0" encoding="UTF-8"?>
<testng-results ignored="0" total="2" passed="2" failed="0" skipped="0">
  <reporter-output>
  </reporter-output>
  <suite started-at="2021-11-20T19:12:43 IST" name="Default suite" finished-at="2021-11-20T19:13:13 IST" duration-ms="29314">
    <groups>
    </groups>
    <test started-at="2021-11-20T19:12:43 IST" name="Default test" finished-at="2021-11-20T19:13:13 IST" duration-ms="29314">
      <class name="Testing.Sample.Cross_Browser_Test">
        <test-method signature="chrome_browser()[pri:0, instance:Testing.Sample.Cross_Browser_Test@2ed2d9cb]" started-at="2021-11-20T19:12:43 IST" name="chrome_browser" finished-at="2021-11-20T19:13:02 IST" duration-ms="18495" status="PASS">
          <reporter-output>
          </reporter-output>
        </test-method> <!-- chrome_browser -->
        <test-method signature="edge_browser()[pri:0, instance:Testing.Sample.Cross_Browser_Test@2ed2d9cb]" started-at="2021-11-20T19:13:02 IST" name="edge_browser" finished-at="2021-11-20T19:13:13 IST" duration-ms="10695" status="PASS">
          <reporter-output>
          </reporter-output>
        </test-method> <!-- edge_browser -->
      </class> <!-- Testing.Sample.Cross_Browser_Test -->
    </test> <!-- Default test -->
  </suite> <!-- Default suite -->
</testng-results>
